{"lv":"info","ts":1728614343,"msg":"ๅผๅงๆง่กไปปๅก","ไปปๅกID":195}
{"lv":"info","ts":1728614343,"msg":"ๆง่กไปปๅกๅฎๆ","ไปปๅกID":195}
{"lv":"info","ts":1728614344,"msg":"ๅผๅงๆง่กไปปๅก","ไปปๅกID":196}
{"lv":"info","ts":1728614344,"msg":"ๆง่กไปปๅกๅฎๆ","ไปปๅกID":196}
{"lv":"info","ts":1728614345,"msg":"ๅผๅงๆง่กไปปๅก","ไปปๅกID":197}
{"lv":"info","ts":1728614345,"msg":"ๆง่กไปปๅกๅฎๆ","ไปปๅกID":197}
{"lv":"info","ts":1730093315,"msg":"ๅผๅงๆง่กไปปๅก","ไปปๅกID":223}
{"lv":"info","ts":1730093315,"msg":"ๆง่กไปปๅกๅฎๆ","ไปปๅกID":223}
{"lv":"info","ts":1730093325,"msg":"ๅผๅงๆง่กไปปๅก","ไปปๅกID":223}
{"lv":"info","ts":1730093325,"msg":"ๆง่กไปปๅกๅฎๆ","ไปปๅกID":223}
{"lv":"info","ts":1730093500,"msg":"ๅผๅงๆง่กไปปๅก","ไปปๅกID":224}
{"lv":"info","ts":1730093500,"msg":"ๆง่กไปปๅกๅฎๆ","ไปปๅกID":224}
{"lv":"info","ts":1730093551,"msg":"ๅผๅงๆง่กไปปๅก","ไปปๅกID":224}
{"lv":"info","ts":1730093551,"msg":"ๆง่กไปปๅกๅฎๆ","ไปปๅกID":224}
{"lv":"info","ts":1730094007,"msg":"ๅผๅงๆง่กไปปๅก","ไปปๅกID":224}
{"lv":"info","ts":1730094007,"msg":"ๆง่กไปปๅกๅฎๆ","ไปปๅกID":224}
{"lv":"info","ts":1730094065,"msg":"ๅผๅงๆง่กไปปๅก","ไปปๅกID":224}
{"lv":"info","ts":1730094065,"msg":"ๆง่กไปปๅกๅฎๆ","ไปปๅกID":224}
{"lv":"info","ts":1730094390,"msg":"ๅผๅงๆง่กไปปๅก","ไปปๅกID":224}
{"lv":"info","ts":1730094390,"msg":"ๆง่กไปปๅกๅฎๆ","ไปปๅกID":224}
{"lv":"info","ts":1730094452,"msg":"ๅผๅงๆง่กไปปๅก","ไปปๅกID":224}
{"lv":"info","ts":1730094452,"msg":"ๆง่กไปปๅกๅฎๆ","ไปปๅกID":224}
{"lv":"info","ts":1730094453,"msg":"ๅผๅงๆง่กไปปๅก","ไปปๅกID":224}
{"lv":"info","ts":1730094453,"msg":"ๆง่กไปปๅกๅฎๆ","ไปปๅกID":224}
2024-10-28 13:51:47	[32mINFO[0m	event/consumer.go:39	ๅผๅงๆง่กไปปๅก                          	{"ไปปๅกID": 224}
2024-10-28 13:51:47	[32mINFO[0m	event/consumer.go:39	ๆง่กไปปๅกๅฎๆ                          	{"ไปปๅกID": 224}
2024-10-28 13:53:35	[32mINFO[0m	event/consumer.go:39	ๅผๅงๆง่กไปปๅก                          	{"ไปปๅกID": 224}
2024-10-28 13:53:35	[32mINFO[0m	event/consumer.go:39	ๆง่กไปปๅกๅฎๆ                          	{"ไปปๅกID": 224}
{"lv":"info","ts":1730094929,"msg":"ๅผๅงๆง่กไปปๅก","ไปปๅกID":224}
{"lv":"info","ts":1730094953,"msg":"ๆง่กไปปๅกๅฎๆ","ไปปๅกID":224}
2024-10-28 13:57:28	[32mINFO[0m	event/consumer.go:39	ๅผๅงๆง่กไปปๅก                          	{"ไปปๅกID": 224}
2024-10-28 13:57:28	[32mINFO[0m	event/consumer.go:39	ๆง่กไปปๅกๅฎๆ                          	{"ไปปๅกID": 224}
2024-10-28 14:02:08	[32mINFO[0m	event/consumer.go:39	ๅผๅงๆง่กไปปๅก                          	{"ไปปๅกID": 224}
2024-10-28 14:02:08	[32mINFO[0m	event/consumer.go:39	ๆง่กไปปๅกๅฎๆ                          	{"ไปปๅกID": 224}
2024-10-28 14:20:03	[32mINFO[0m	event/consumer.go:39	ๅผๅงๆง่กไปปๅก                          	{"ไปปๅกID": 224}
2024-10-28 14:20:03	[32mINFO[0m	event/consumer.go:39	ๆง่กไปปๅกๅฎๆ                          	{"ไปปๅกID": 224}
2024-10-28 14:21:40	[32mINFO[0m	event/consumer.go:39	ๅผๅงๆง่กไปปๅก                          	{"ไปปๅกID": 224}
2024-10-28 14:21:40	[32mINFO[0m	event/consumer.go:39	ๆง่กไปปๅกๅฎๆ                          	{"ไปปๅกID": 224}
2024-10-28 14:30:21	[32mINFO[0m	event/consumer.go:39	ๅผๅงๆง่กไปปๅก                          	{"ไปปๅกID": 225}
2024-10-28 14:30:21	[32mINFO[0m	event/consumer.go:39	ๆง่กไปปๅกๅฎๆ                          	{"ไปปๅกID": 225}
2024-10-28 14:30:21	[31mERROR[0m	event/consumer.go:81	Error parsing JSON: %v          	{"error": "invalid character ',' looking for beginning of value"}
2024-10-28 14:31:32	[32mINFO[0m	event/consumer.go:39	ๅผๅงๆง่กไปปๅก                          	{"ไปปๅกID": 225}
2024-10-28 14:31:32	[32mINFO[0m	event/consumer.go:39	ๆง่กไปปๅกๅฎๆ                          	{"ไปปๅกID": 225}
2024-10-28 14:36:58	[32mINFO[0m	event/consumer.go:39	ๅผๅงๆง่กไปปๅก                          	{"ไปปๅกID": 225}
2024-10-28 14:36:58	[32mINFO[0m	event/consumer.go:39	ๆง่กไปปๅกๅฎๆ                          	{"ไปปๅกID": 225}
2024-10-28 14:39:31	[32mINFO[0m	event/consumer.go:39	ๅผๅงๆง่กไปปๅก                          	{"ไปปๅกID": 225}
2024-10-28 14:39:31	[32mINFO[0m	event/consumer.go:39	ๆง่กไปปๅกๅฎๆ                          	{"ไปปๅกID": 225}
2024-10-28 14:44:06	[32mINFO[0m	event/consumer.go:39	ๅผๅงๆง่กไปปๅก                          	{"ไปปๅกID": 225}
2024-10-28 14:44:06	[32mINFO[0m	event/consumer.go:39	ๆง่กไปปๅกๅฎๆ                          	{"ไปปๅกID": 225}
2024-10-28 17:28:21	[32mINFO[0m	event/consumer.go:39	ๅผๅงๆง่กไปปๅก                          	{"ไปปๅกID": 226}
2024-10-28 17:28:21	[32mINFO[0m	event/consumer.go:39	ๆง่กไปปๅกๅฎๆ                          	{"ไปปๅกID": 226}
2024-10-28 17:31:21	[32mINFO[0m	event/consumer.go:39	ๅผๅงๆง่กไปปๅก                          	{"ไปปๅกID": 227}
2024-10-28 17:31:21	[32mINFO[0m	event/consumer.go:39	ๆง่กไปปๅกๅฎๆ                          	{"ไปปๅกID": 227}
2024-10-28 17:33:31	[32mINFO[0m	event/consumer.go:39	ๅผๅงๆง่กไปปๅก                          	{"ไปปๅกID": 228}
2024-10-28 17:33:31	[32mINFO[0m	event/consumer.go:39	ๆง่กไปปๅกๅฎๆ                          	{"ไปปๅกID": 228}
2024-10-28 17:35:51	[32mINFO[0m	event/consumer.go:39	ๅผๅงๆง่กไปปๅก                          	{"ไปปๅกID": 229}
2024-10-28 17:35:51	[32mINFO[0m	event/consumer.go:39	ๆง่กไปปๅกๅฎๆ                          	{"ไปปๅกID": 229}
2024-10-28 17:45:21	[32mINFO[0m	event/consumer.go:39	ๅผๅงๆง่กไปปๅก                          	{"ไปปๅกID": 230}
2024-10-28 17:45:21	[32mINFO[0m	event/consumer.go:39	ๆง่กไปปๅกๅฎๆ                          	{"ไปปๅกID": 230}
2024-10-28 17:48:31	[32mINFO[0m	event/consumer.go:39	ๅผๅงๆง่กไปปๅก                          	{"ไปปๅกID": 231}
2024-10-28 17:48:31	[32mINFO[0m	event/consumer.go:39	ๆง่กไปปๅกๅฎๆ                          	{"ไปปๅกID": 231}
2024-10-28 17:50:21	[32mINFO[0m	event/consumer.go:39	ๅผๅงๆง่กไปปๅก                          	{"ไปปๅกID": 232}
2024-10-28 17:50:21	[32mINFO[0m	event/consumer.go:39	ๆง่กไปปๅกๅฎๆ                          	{"ไปปๅกID": 232}
2024-10-28 18:06:31	[32mINFO[0m	event/consumer.go:39	ๅผๅงๆง่กไปปๅก                          	{"ไปปๅกID": 233}
2024-10-28 18:06:31	[32mINFO[0m	event/consumer.go:39	ๆง่กไปปๅกๅฎๆ                          	{"ไปปๅกID": 233}
2024-10-28 18:15:51	[32mINFO[0m	event/consumer.go:39	ๅผๅงๆง่กไปปๅก                          	{"ไปปๅกID": 234}
2024-10-28 18:15:51	[32mINFO[0m	event/consumer.go:39	ๆง่กไปปๅกๅฎๆ                          	{"ไปปๅกID": 234}
2024-10-28 18:17:41	[32mINFO[0m	event/consumer.go:39	ๅผๅงๆง่กไปปๅก                          	{"ไปปๅกID": 235}
2024-10-28 18:17:41	[32mINFO[0m	event/consumer.go:39	ๆง่กไปปๅกๅฎๆ                          	{"ไปปๅกID": 235}
2024-10-28 18:19:01	[32mINFO[0m	event/consumer.go:39	ๅผๅงๆง่กไปปๅก                          	{"ไปปๅกID": 236}
2024-10-28 18:19:01	[32mINFO[0m	event/consumer.go:39	ๆง่กไปปๅกๅฎๆ                          	{"ไปปๅกID": 236}
2024-10-28 18:21:21	[32mINFO[0m	event/consumer.go:39	ๅผๅงๆง่กไปปๅก                          	{"ไปปๅกID": 237}
2024-10-28 18:21:21	[32mINFO[0m	event/consumer.go:39	ๆง่กไปปๅกๅฎๆ                          	{"ไปปๅกID": 237}
2024-10-28 18:22:51	[32mINFO[0m	event/consumer.go:39	ๅผๅงๆง่กไปปๅก                          	{"ไปปๅกID": 238}
2024-10-28 18:22:51	[32mINFO[0m	event/consumer.go:39	ๆง่กไปปๅกๅฎๆ                          	{"ไปปๅกID": 238}
2024-10-28 18:24:11	[32mINFO[0m	event/consumer.go:39	ๅผๅงๆง่กไปปๅก                          	{"ไปปๅกID": 239}
2024-10-28 18:24:11	[32mINFO[0m	event/consumer.go:39	ๆง่กไปปๅกๅฎๆ                          	{"ไปปๅกID": 239}
2024-10-28 18:26:31	[32mINFO[0m	event/consumer.go:39	ๅผๅงๆง่กไปปๅก                          	{"ไปปๅกID": 240}
2024-10-28 18:26:31	[32mINFO[0m	event/consumer.go:39	ๆง่กไปปๅกๅฎๆ                          	{"ไปปๅกID": 240}
2024-10-28 18:30:01	[32mINFO[0m	event/consumer.go:39	ๅผๅงๆง่กไปปๅก                          	{"ไปปๅกID": 241}
2024-10-28 18:30:01	[32mINFO[0m	event/consumer.go:39	ๆง่กไปปๅกๅฎๆ                          	{"ไปปๅกID": 241}
2024-10-28 19:40:31	[32mINFO[0m	event/consumer.go:39	ๅผๅงๆง่กไปปๅก                          	{"ไปปๅกID": 242}
2024-10-28 19:40:31	[32mINFO[0m	event/consumer.go:39	ๆง่กไปปๅกๅฎๆ                          	{"ไปปๅกID": 242}
